2023-06-02 11:51:59.621 [info] Log level: Info
2023-06-02 11:51:59.621 [info] Validating found git in: "git"
2023-06-02 11:51:59.621 [info] Using git "2.34.1" from "git"
2023-06-02 11:51:59.621 [info] > git rev-parse --show-toplevel [7ms]
2023-06-02 11:51:59.621 [info] > git rev-parse --git-dir --git-common-dir [2ms]
2023-06-02 11:51:59.621 [info] Open repository: /home/ubuntu/app
2023-06-02 11:51:59.621 [info] > git rev-parse --show-toplevel [6ms]
2023-06-02 11:51:59.621 [info] > git config --get commit.template [6ms]
2023-06-02 11:51:59.621 [info] > git rev-parse --show-toplevel [7ms]
2023-06-02 11:51:59.621 [info] > git for-each-ref --format=%(refname)%00%(upstream:short)%00%(objectname)%00%(upstream:track)%00%(upstream:remotename)%00%(upstream:remoteref) refs/heads/master refs/remotes/master [9ms]
2023-06-02 11:51:59.621 [info] > git rev-parse --show-toplevel [6ms]
2023-06-02 11:51:59.621 [info] > git rev-parse --show-toplevel [3ms]
2023-06-02 11:51:59.621 [info] > git rev-parse --show-toplevel [1ms]
2023-06-02 11:51:59.621 [info] > git rev-parse --show-toplevel [1ms]
2023-06-02 11:51:59.621 [info] > git rev-parse --show-toplevel [2ms]
2023-06-02 11:51:59.621 [info] > git rev-parse --show-toplevel [3ms]
2023-06-02 11:51:59.621 [info] > git rev-parse --show-toplevel [2ms]
2023-06-02 11:51:59.621 [info] > git rev-parse --show-toplevel [2ms]
2023-06-02 11:51:59.683 [info] > git check-ignore -v -z --stdin [12ms]
2023-06-02 11:51:59.764 [info] > git status -z -uall [674ms]
2023-06-02 11:51:59.783 [info] > git config --get commit.template [5ms]
2023-06-02 11:51:59.784 [info] > git for-each-ref --format=%(refname)%00%(upstream:short)%00%(objectname)%00%(upstream:track)%00%(upstream:remotename)%00%(upstream:remoteref) refs/heads/master refs/remotes/master [2ms]
2023-06-02 11:52:00.440 [info] > git status -z -uall [653ms]
2023-06-02 11:52:05.907 [info] > git check-ignore -v -z --stdin [4ms]
2023-06-02 11:52:07.142 [info] > git show --textconv :routes/web.php [5ms]
2023-06-02 11:52:07.145 [info] > git ls-files --stage -- /home/ubuntu/app/routes/web.php [3ms]
2023-06-02 11:52:07.149 [info] > git cat-file -s f912fb8f059adbad7ed1d38e747ae1004d7fcb97 [1ms]
2023-06-02 11:52:22.136 [info] > git config --get commit.template [4ms]
2023-06-02 11:52:22.136 [info] > git for-each-ref --format=%(refname)%00%(upstream:short)%00%(objectname)%00%(upstream:track)%00%(upstream:remotename)%00%(upstream:remoteref) refs/heads/master refs/remotes/master [1ms]
2023-06-02 11:52:22.790 [info] > git status -z -uall [651ms]
2023-06-02 11:52:30.041 [info] > git check-ignore -v -z --stdin [5ms]
2023-06-02 11:52:31.589 [info] > git check-ignore -v -z --stdin [5ms]
2023-06-02 11:52:32.383 [info] > git check-ignore -v -z --stdin [4ms]
2023-06-02 11:52:36.274 [info] > git show --textconv :app/Http/Controllers/RegisterController.php [5ms]
2023-06-02 11:52:36.276 [info] > git ls-files --stage -- /home/ubuntu/app/app/Http/Controllers/RegisterController.php [3ms]
2023-06-02 11:52:36.281 [info] > git cat-file -s b4aaa912adecef18d539bf75c4858b78ff294fa9 [1ms]
2023-06-02 11:52:56.218 [info] > git config --get commit.template [5ms]
2023-06-02 11:52:56.219 [info] > git for-each-ref --format=%(refname)%00%(upstream:short)%00%(objectname)%00%(upstream:track)%00%(upstream:remotename)%00%(upstream:remoteref) refs/heads/master refs/remotes/master [2ms]
2023-06-02 11:52:56.874 [info] > git status -z -uall [651ms]
2023-06-02 11:53:05.984 [info] > git config --get commit.template [4ms]
2023-06-02 11:53:05.985 [info] > git for-each-ref --format=%(refname)%00%(upstream:short)%00%(objectname)%00%(upstream:track)%00%(upstream:remotename)%00%(upstream:remoteref) refs/heads/master refs/remotes/master [1ms]
2023-06-02 11:53:06.644 [info] > git status -z -uall [654ms]
2023-06-02 11:53:28.202 [info] > git config --get commit.template [2ms]
2023-06-02 11:53:28.227 [info] > git for-each-ref --format=%(refname)%00%(upstream:short)%00%(objectname)%00%(upstream:track)%00%(upstream:remotename)%00%(upstream:remoteref) refs/heads/master refs/remotes/master [10ms]
2023-06-02 11:53:28.882 [info] > git status -z -uall [650ms]
2023-06-02 11:53:44.298 [info] > git config --get commit.template [1ms]
2023-06-02 11:53:44.303 [info] > git for-each-ref --format=%(refname)%00%(upstream:short)%00%(objectname)%00%(upstream:track)%00%(upstream:remotename)%00%(upstream:remoteref) refs/heads/master refs/remotes/master [2ms]
2023-06-02 11:53:44.959 [info] > git status -z -uall [652ms]
2023-06-02 11:53:49.971 [info] > git config --get commit.template [0ms]
2023-06-02 11:53:49.977 [info] > git for-each-ref --format=%(refname)%00%(upstream:short)%00%(objectname)%00%(upstream:track)%00%(upstream:remotename)%00%(upstream:remoteref) refs/heads/master refs/remotes/master [1ms]
2023-06-02 11:53:50.640 [info] > git status -z -uall [658ms]
2023-06-02 11:55:17.877 [info] > git config --get commit.template [5ms]
2023-06-02 11:55:17.877 [info] > git for-each-ref --format=%(refname)%00%(upstream:short)%00%(objectname)%00%(upstream:track)%00%(upstream:remotename)%00%(upstream:remoteref) refs/heads/master refs/remotes/master [1ms]
2023-06-02 11:55:18.532 [info] > git status -z -uall [652ms]
2023-06-02 11:55:36.982 [info] > git config --get commit.template [5ms]
2023-06-02 11:55:36.982 [info] > git for-each-ref --format=%(refname)%00%(upstream:short)%00%(objectname)%00%(upstream:track)%00%(upstream:remotename)%00%(upstream:remoteref) refs/heads/master refs/remotes/master [1ms]
2023-06-02 11:55:37.642 [info] > git status -z -uall [656ms]
2023-06-02 11:55:43.531 [info] > git config --get commit.template [5ms]
2023-06-02 11:55:43.531 [info] > git for-each-ref --format=%(refname)%00%(upstream:short)%00%(objectname)%00%(upstream:track)%00%(upstream:remotename)%00%(upstream:remoteref) refs/heads/master refs/remotes/master [1ms]
2023-06-02 11:55:44.194 [info] > git status -z -uall [658ms]
2023-06-02 12:13:52.746 [info] > git config --get commit.template [5ms]
2023-06-02 12:13:52.747 [info] > git for-each-ref --format=%(refname)%00%(upstream:short)%00%(objectname)%00%(upstream:track)%00%(upstream:remotename)%00%(upstream:remoteref) refs/heads/master refs/remotes/master [2ms]
2023-06-02 12:13:53.402 [info] > git status -z -uall [652ms]
2023-06-02 12:14:00.808 [info] > git config --get commit.template [4ms]
2023-06-02 12:14:00.809 [info] > git for-each-ref --format=%(refname)%00%(upstream:short)%00%(objectname)%00%(upstream:track)%00%(upstream:remotename)%00%(upstream:remoteref) refs/heads/master refs/remotes/master [2ms]
2023-06-02 12:14:01.471 [info] > git status -z -uall [659ms]
2023-06-02 12:14:09.499 [info] > git config --get commit.template [5ms]
2023-06-02 12:14:09.500 [info] > git for-each-ref --format=%(refname)%00%(upstream:short)%00%(objectname)%00%(upstream:track)%00%(upstream:remotename)%00%(upstream:remoteref) refs/heads/master refs/remotes/master [1ms]
2023-06-02 12:14:10.158 [info] > git status -z -uall [655ms]
2023-06-02 12:27:53.926 [info] > git check-ignore -v -z --stdin [5ms]
2023-06-02 12:27:55.609 [info] > git show --textconv :app/Http/Middleware/Authenticate.php [4ms]
2023-06-02 12:27:55.612 [info] > git ls-files --stage -- /home/ubuntu/app/app/Http/Middleware/Authenticate.php [3ms]
2023-06-02 12:27:55.617 [info] > git cat-file -s 6766c7b7a91d3cb2573c42fa17bbde960ba2953c [1ms]
2023-06-02 12:30:40.089 [info] > git config --get commit.template [6ms]
2023-06-02 12:30:40.090 [info] > git for-each-ref --format=%(refname)%00%(upstream:short)%00%(objectname)%00%(upstream:track)%00%(upstream:remotename)%00%(upstream:remoteref) refs/heads/master refs/remotes/master [2ms]
2023-06-02 12:30:40.753 [info] > git status -z -uall [658ms]
2023-06-02 12:32:52.712 [info] > git show --textconv :app/Http/Controllers/SessionsController.php [4ms]
2023-06-02 12:32:52.714 [info] > git ls-files --stage -- /home/ubuntu/app/app/Http/Controllers/SessionsController.php [4ms]
2023-06-02 12:32:52.719 [info] > git cat-file -s bef1eb7e004796af220e992be48d48ba3eda80f8 [1ms]
2023-06-02 12:34:47.654 [info] > git check-ignore -v -z --stdin [5ms]
2023-06-02 12:34:49.806 [info] > git check-ignore -v -z --stdin [4ms]
2023-06-02 12:34:50.336 [info] > git show --textconv :resources/views/auth/login.blade.php [4ms]
2023-06-02 12:34:50.339 [info] > git ls-files --stage -- /home/ubuntu/app/resources/views/auth/login.blade.php [3ms]
2023-06-02 12:34:50.344 [info] > git cat-file -s 67b778d8a9762a4d9bb569bdd26896bfc3ab2869 [1ms]
2023-06-02 12:35:42.115 [info] > git config --get commit.template [4ms]
2023-06-02 12:35:42.116 [info] > git for-each-ref --format=%(refname)%00%(upstream:short)%00%(objectname)%00%(upstream:track)%00%(upstream:remotename)%00%(upstream:remoteref) refs/heads/master refs/remotes/master [1ms]
2023-06-02 12:35:42.777 [info] > git status -z -uall [656ms]
2023-06-02 12:36:29.365 [info] > git config --get commit.template [4ms]
2023-06-02 12:36:29.366 [info] > git for-each-ref --format=%(refname)%00%(upstream:short)%00%(objectname)%00%(upstream:track)%00%(upstream:remotename)%00%(upstream:remoteref) refs/heads/master refs/remotes/master [1ms]
2023-06-02 12:36:30.021 [info] > git status -z -uall [652ms]
2023-06-02 12:36:35.034 [info] > git config --get commit.template [5ms]
2023-06-02 12:36:35.034 [info] > git for-each-ref --format=%(refname)%00%(upstream:short)%00%(objectname)%00%(upstream:track)%00%(upstream:remotename)%00%(upstream:remoteref) refs/heads/master refs/remotes/master [1ms]
2023-06-02 12:36:35.696 [info] > git status -z -uall [658ms]
2023-06-02 12:36:40.708 [info] > git config --get commit.template [4ms]
2023-06-02 12:36:40.709 [info] > git for-each-ref --format=%(refname)%00%(upstream:short)%00%(objectname)%00%(upstream:track)%00%(upstream:remotename)%00%(upstream:remoteref) refs/heads/master refs/remotes/master [1ms]
2023-06-02 12:36:41.368 [info] > git status -z -uall [655ms]
2023-06-02 12:36:46.381 [info] > git config --get commit.template [4ms]
2023-06-02 12:36:46.381 [info] > git for-each-ref --format=%(refname)%00%(upstream:short)%00%(objectname)%00%(upstream:track)%00%(upstream:remotename)%00%(upstream:remoteref) refs/heads/master refs/remotes/master [1ms]
2023-06-02 12:36:47.044 [info] > git status -z -uall [659ms]
2023-06-02 12:36:52.055 [info] > git config --get commit.template [4ms]
2023-06-02 12:36:52.056 [info] > git for-each-ref --format=%(refname)%00%(upstream:short)%00%(objectname)%00%(upstream:track)%00%(upstream:remotename)%00%(upstream:remoteref) refs/heads/master refs/remotes/master [1ms]
2023-06-02 12:36:52.712 [info] > git status -z -uall [653ms]
2023-06-02 12:36:58.651 [info] > git config --get commit.template [4ms]
2023-06-02 12:36:58.652 [info] > git for-each-ref --format=%(refname)%00%(upstream:short)%00%(objectname)%00%(upstream:track)%00%(upstream:remotename)%00%(upstream:remoteref) refs/heads/master refs/remotes/master [1ms]
2023-06-02 12:36:59.320 [info] > git status -z -uall [664ms]
2023-06-02 12:45:51.638 [info] > git config --get commit.template [2ms]
2023-06-02 12:45:51.643 [info] > git for-each-ref --format=%(refname)%00%(upstream:short)%00%(objectname)%00%(upstream:track)%00%(upstream:remotename)%00%(upstream:remoteref) refs/heads/master refs/remotes/master [1ms]
2023-06-02 12:45:51.863 [info] > git ls-files --stage -- /home/ubuntu/app/app/Http/Middleware/Authenticate.php [7ms]
2023-06-02 12:45:51.869 [info] > git ls-files --stage -- /home/ubuntu/app/app/Http/Controllers/RegisterController.php [19ms]
2023-06-02 12:45:51.874 [info] > git ls-files --stage -- /home/ubuntu/app/routes/web.php [30ms]
2023-06-02 12:45:51.878 [info] > git cat-file -s b4aaa912adecef18d539bf75c4858b78ff294fa9 [5ms]
2023-06-02 12:45:51.879 [info] > git cat-file -s 6766c7b7a91d3cb2573c42fa17bbde960ba2953c [10ms]
2023-06-02 12:45:51.879 [info] > git ls-files --stage -- /home/ubuntu/app/resources/views/auth/login.blade.php [17ms]
2023-06-02 12:45:51.884 [info] > git cat-file -s f912fb8f059adbad7ed1d38e747ae1004d7fcb97 [7ms]
2023-06-02 12:45:51.887 [info] > git cat-file -s 67b778d8a9762a4d9bb569bdd26896bfc3ab2869 [3ms]
2023-06-02 12:45:51.997 [info] > git show --textconv :app/Http/Controllers/RegisterController.php [8ms]
2023-06-02 12:45:52.008 [info] > git show --textconv :app/Http/Middleware/Authenticate.php [12ms]
2023-06-02 12:45:52.017 [info] > git show --textconv :routes/web.php [10ms]
2023-06-02 12:45:52.022 [info] > git show --textconv :resources/views/auth/login.blade.php [6ms]
2023-06-02 12:45:52.307 [info] > git status -z -uall [661ms]
